Initializing document watcher...
Document watcher initialized
student_01_21a5da70f43d/main.tf: {}
/User/settings.json: Using EditorConfig core...
student_01_21a5da70f43d/main.tf: {}
student_01_21a5da70f43d/main.tf: Using EditorConfig core...
student_01_21a5da70f43d/main.tf: {}
student_01_21a5da70f43d/main.tf: {}
student_01_21a5da70f43d/main.tf: {}
student_01_21a5da70f43d/main.tf: {}
student_01_21a5da70f43d/main.tf: Using EditorConfig core...
student_01_21a5da70f43d/main.tf: {}
student_01_21a5da70f43d/main.tf: {}
student_01_21a5da70f43d/main.tf: {}
student_01_21a5da70f43d/main.tf: {}
student_01_21a5da70f43d/main.tf: Using EditorConfig core...
student_01_21a5da70f43d/main.tf: Using EditorConfig core...
student_01_21a5da70f43d/main.tf: {}
student_01_21a5da70f43d/main.tf: Using EditorConfig core...
student_01_21a5da70f43d/main.tf: Using EditorConfig core...
student_01_21a5da70f43d/main.tf: {}
student_01_21a5da70f43d/main.tf: {}
student_01_21a5da70f43d/main.tf: Using EditorConfig core...
student_01_21a5da70f43d/main.tf: {}
student_01_21a5da70f43d/main.tf: {}
student_01_21a5da70f43d/main.tf: {}
student_01_21a5da70f43d/main.tf: {}
student_01_21a5da70f43d/main.tf: {}
student_01_21a5da70f43d/main.tf: Using EditorConfig core...
student_01_21a5da70f43d/main.tf: {}
student_01_21a5da70f43d/main.tf: {}
student_01_21a5da70f43d/main.tf: Using EditorConfig core...
student_01_21a5da70f43d/main.tf: Using EditorConfig core...
student_01_21a5da70f43d/main.tf: Using EditorConfig core...
student_01_21a5da70f43d/main.tf: Using EditorConfig core...
student_01_21a5da70f43d/main.tf: {}
student_01_21a5da70f43d/main.tf: {}
student_01_21a5da70f43d/main.tf: {}
student_01_21a5da70f43d/main.tf: Using EditorConfig core...
student_01_21a5da70f43d/main.tf: Using EditorConfig core...
student_01_21a5da70f43d/main.tf: Using EditorConfig core...
student_01_21a5da70f43d/main.tf: Using EditorConfig core...
student_01_21a5da70f43d/main.tf: Using EditorConfig core...
student_01_21a5da70f43d/main.tf: {}
student_01_21a5da70f43d/main.tf: {}
student_01_21a5da70f43d/main.tf: {}
student_01_21a5da70f43d/main.tf: {}
student_01_21a5da70f43d/main.tf: {}
student_01_21a5da70f43d/main.tf: {}
student_01_21a5da70f43d/main.tf: {}
vscode.git.Git: {}
vscode.git.Git: {}
student_01_21a5da70f43d/main.tf: {}
/home/student_01_21a5da70f43d/.profile: {}
/home/student_01_21a5da70f43d/.bash_history: {}
/home/student_01_21a5da70f43d/.bash_logout: {}
/home/student_01_21a5da70f43d/.bashrc: {}
/home/student_01_21a5da70f43d/.sudo_as_admin_successful: {}
/home/student_01_21a5da70f43d/.terraform.lock.hcl: {}
/home/student_01_21a5da70f43d/README-cloudshell.txt: {}
/home/student_01_21a5da70f43d/terraform.tfstate: {}
/home/student_01_21a5da70f43d/terraform.tfstate: {}
/home/student_01_21a5da70f43d/terraform.tfstate: {}
/home/student_01_21a5da70f43d/terraform.tfstate: {}
/home/student_01_21a5da70f43d/terraform.tfstate: {}
/home/student_01_21a5da70f43d/terraform.tfstate: {}
/home/student_01_21a5da70f43d/terraform.tfstate: {}
/home/student_01_21a5da70f43d/terraform.tfstate: {}
/home/student_01_21a5da70f43d/terraform.tfstate: {}
/home/student_01_21a5da70f43d/terraform.tfstate: {}
/home/student_01_21a5da70f43d/terraform.tfstate: {}
